### Device booted at 2000/01/01 00:00:00; Timestamp: 946684800
### Device booted at 2000/01/01 00:00:00; Timestamp: 946684800
### CHARGING STATUS: NOT PLUGGED IN and NOT CHARGING; Timestamp: 946684801
0000000002	c0:98:e5:42:00:41	000227
0000000003	c0:98:e5:42:00:41	000195
### MOTION CHANGE: STATIONARY; Timestamp: 946684819
0000000004	c0:98:e5:42:00:41	000250
0000000005	c0:98:e5:42:00:41	000215
0000000006	c0:98:e5:42:00:41	000242
0000000007	c0:98:e5:42:00:41	000258
0000000008	c0:98:e5:42:00:41	000288
0000000009	c0:98:e5:42:00:41	000138
0000000010	c0:98:e5:42:00:41	000147
0000000011	c0:98:e5:42:00:41	000304
### MOTION CHANGE: IN MOTION; Timestamp: 946684828
0000000012	c0:98:e5:42:00:41	000236
0000000013	c0:98:e5:42:00:41	000292
0000000014	c0:98:e5:42:00:41	000253
0000000015	c0:98:e5:42:00:41	000173
0000000016	c0:98:e5:42:00:41	000227
0000000017	c0:98:e5:42:00:41	000200
0000000018	c0:98:e5:42:00:41	000216
0000000019	c0:98:e5:42:00:41	000211
0000000020	c0:98:e5:42:00:41	000189
0000000021	c0:98:e5:42:00:41	000215
0000000022	c0:98:e5:42:00:41	000218
0000000023	c0:98:e5:42:00:41	000285
0000000024	c0:98:e5:42:00:41	000200
0000000025	c0:98:e5:42:00:41	000244
0000000026	c0:98:e5:42:00:41	000227
0000000027	c0:98:e5:42:00:41	000140
0000000028	c0:98:e5:42:00:41	000188
0000000029	c0:98:e5:42:00:41	000176
0000000030	c0:98:e5:42:00:41	000208
0000000031	c0:98:e5:42:00:41	000177
### MOTION CHANGE: STATIONARY; Timestamp: 946684847
0000000032	c0:98:e5:42:00:41	000174
0000000033	c0:98:e5:42:00:41	000227
0000000034	c0:98:e5:42:00:41	000210
0000000035	c0:98:e5:42:00:41	000189
0000000036	c0:98:e5:42:00:41	000205
0000000037	c0:98:e5:42:00:41	000238
0000000038	c0:98:e5:42:00:41	000205
0000000039	c0:98:e5:42:00:41	000189
### MOTION CHANGE: IN MOTION; Timestamp: 946684856
0000000040	c0:98:e5:42:00:41	000200
0000000041	c0:98:e5:42:00:41	000050
0000000042	c0:98:e5:42:00:41	000362
0000000043	c0:98:e5:42:00:41	000617
0000000044	c0:98:e5:42:00:41	000476
0000000045	c0:98:e5:42:00:41	000675
0000000046	c0:98:e5:42:00:41	000502
### MOTION CHANGE: STATIONARY; Timestamp: 946684863
0000000047	c0:98:e5:42:00:41	000537
0000000048	c0:98:e5:42:00:41	000339
### MOTION CHANGE: IN MOTION; Timestamp: 946684864
0000000049	c0:98:e5:42:00:41	000052
0000000050	c0:98:e5:42:00:41	000000
0000000051	c0:98:e5:42:00:41	000015
0000000052	c0:98:e5:42:00:41	000000
0000000053	c0:98:e5:42:00:41	000000
### MOTION CHANGE: STATIONARY; Timestamp: 946684869
0000000054	c0:98:e5:42:00:41	000027
0000000055	c0:98:e5:42:00:41	000060
0000000056	c0:98:e5:42:00:41	000032
0000000057	c0:98:e5:42:00:41	000058
0000000058	c0:98:e5:42:00:41	000029
0000000059	c0:98:e5:42:00:41	000062
0000000060	c0:98:e5:42:00:41	000040
0000000061	c0:98:e5:42:00:41	000035
0000000062	c0:98:e5:42:00:41	000015
0000000063	c0:98:e5:42:00:41	000052
0000000064	c0:98:e5:42:00:41	000072
### MOTION CHANGE: IN MOTION; Timestamp: 946684880
0000000065	c0:98:e5:42:00:41	000000
0000000066	c0:98:e5:42:00:41	000000
0000000067	c0:98:e5:42:00:41	000000
0000000068	c0:98:e5:42:00:41	000239
0000000069	c0:98:e5:42:00:41	000633
0000000070	c0:98:e5:42:00:41	001567
0000000071	c0:98:e5:42:00:41	002488
0000000072	c0:98:e5:42:00:41	003409
0000000073	c0:98:e5:42:00:41	003175
0000000074	c0:98:e5:42:00:41	002549
### MOTION CHANGE: STATIONARY; Timestamp: 946684891
0000000075	c0:98:e5:42:00:41	002296
0000000076	c0:98:e5:42:00:41	001961
0000000077	c0:98:e5:42:00:41	001468
0000000078	c0:98:e5:42:00:41	001632
0000000079	c0:98:e5:42:00:41	001746
0000000080	c0:98:e5:42:00:41	002168
0000000081	c0:98:e5:42:00:41	002270
0000000082	c0:98:e5:42:00:41	002234
0000000083	c0:98:e5:42:00:41	002229
0000000084	c0:98:e5:42:00:41	002196
0000000085	c0:98:e5:42:00:41	001907
### MOTION CHANGE: IN MOTION; Timestamp: 946684901
0000000086	c0:98:e5:42:00:41	001462
0000000087	c0:98:e5:42:00:41	001705
0000000088	c0:98:e5:42:00:41	002014
0000000089	c0:98:e5:42:00:41	001951
### MOTION CHANGE: STATIONARY; Timestamp: 946684905
0000000090	c0:98:e5:42:00:41	001983
0000000091	c0:98:e5:42:00:41	002127
0000000092	c0:98:e5:42:00:41	002096
0000000093	c0:98:e5:42:00:41	002191
0000000094	c0:98:e5:42:00:41	002357
0000000095	c0:98:e5:42:00:41	002126
0000000096	c0:98:e5:42:00:41	002083
0000000097	c0:98:e5:42:00:41	002133
0000000098	c0:98:e5:42:00:41	002028
0000000099	c0:98:e5:42:00:41	002114
0000000100	c0:98:e5:42:00:41	002390
0000000101	c0:98:e5:42:00:41	002135
0000000102	c0:98:e5:42:00:41	002112
0000000103	c0:98:e5:42:00:41	002132
0000000104	c0:98:e5:42:00:41	002099
0000000105	c0:98:e5:42:00:41	002115
0000000106	c0:98:e5:42:00:41	002094
0000000107	c0:98:e5:42:00:41	002437
0000000108	c0:98:e5:42:00:41	002061
0000000109	c0:98:e5:42:00:41	002141
0000000110	c0:98:e5:42:00:41	002107
0000000111	c0:98:e5:42:00:41	002024
0000000112	c0:98:e5:42:00:41	001995
0000000113	c0:98:e5:42:00:41	002144
0000000114	c0:98:e5:42:00:41	002019
0000000115	c0:98:e5:42:00:41	002042
0000000116	c0:98:e5:42:00:41	002157
0000000117	c0:98:e5:42:00:41	002099
0000000118	c0:98:e5:42:00:41	002341
0000000119	c0:98:e5:42:00:41	002104
0000000120	c0:98:e5:42:00:41	002145
0000000121	c0:98:e5:42:00:41	002107
0000000122	c0:98:e5:42:00:41	002186
0000000123	c0:98:e5:42:00:41	002091
0000000124	c0:98:e5:42:00:41	002163
0000000125	c0:98:e5:42:00:41	002154
0000000126	c0:98:e5:42:00:41	002142
0000000127	c0:98:e5:42:00:41	002291
0000000128	c0:98:e5:42:00:41	003433
### MOTION CHANGE: IN MOTION; Timestamp: 946684944
0000000129	c0:98:e5:42:00:41	003653
0000000130	c0:98:e5:42:00:41	003465
0000000131	c0:98:e5:42:00:41	003637
0000000132	c0:98:e5:42:00:41	003656
### MOTION CHANGE: STATIONARY; Timestamp: 946684948
0000000133	c0:98:e5:42:00:41	003557
0000000134	c0:98:e5:42:00:41	003652
0000000135	c0:98:e5:42:00:41	003665
0000000136	c0:98:e5:42:00:41	003762
0000000137	c0:98:e5:42:00:41	003548
0000000138	c0:98:e5:42:00:41	003521
0000000139	c0:98:e5:42:00:41	003545
0000000140	c0:98:e5:42:00:41	004258
0000000141	c0:98:e5:42:00:41	003818
0000000142	c0:98:e5:42:00:41	003501
0000000143	c0:98:e5:42:00:41	003612
0000000144	c0:98:e5:42:00:41	003582
0000000145	c0:98:e5:42:00:41	004040
0000000146	c0:98:e5:42:00:41	003577
0000000147	c0:98:e5:42:00:41	003585
0000000148	c0:98:e5:42:00:41	003542
0000000149	c0:98:e5:42:00:41	003732
0000000150	c0:98:e5:42:00:41	003581
0000000151	c0:98:e5:42:00:41	003996
0000000152	c0:98:e5:42:00:41	003668
0000000153	c0:98:e5:42:00:41	003531
0000000154	c0:98:e5:42:00:41	003638
0000000155	c0:98:e5:42:00:41	004084
0000000156	c0:98:e5:42:00:41	004135
0000000157	c0:98:e5:42:00:41	003547
0000000158	c0:98:e5:42:00:41	003647
0000000159	c0:98:e5:42:00:41	003567
0000000160	c0:98:e5:42:00:41	003580
0000000161	c0:98:e5:42:00:41	003888
0000000162	c0:98:e5:42:00:41	003605
0000000163	c0:98:e5:42:00:41	004070
0000000164	c0:98:e5:42:00:41	003558
0000000165	c0:98:e5:42:00:41	003842
0000000166	c0:98:e5:42:00:41	003613
0000000167	c0:98:e5:42:00:41	003773
0000000168	c0:98:e5:42:00:41	003472
0000000169	c0:98:e5:42:00:41	003594
0000000170	c0:98:e5:42:00:41	003694
0000000171	c0:98:e5:42:00:41	003674
0000000172	c0:98:e5:42:00:41	003629
0000000173	c0:98:e5:42:00:41	003731
0000000174	c0:98:e5:42:00:41	004048
0000000175	c0:98:e5:42:00:41	003748
0000000176	c0:98:e5:42:00:41	003645
0000000177	c0:98:e5:42:00:41	003555
0000000178	c0:98:e5:42:00:41	004173
0000000179	c0:98:e5:42:00:41	003493
0000000180	c0:98:e5:42:00:41	003695
0000000181	c0:98:e5:42:00:41	002536
0000000182	c0:98:e5:42:00:41	002006
0000000183	c0:98:e5:42:00:41	001002
0000000184	c0:98:e5:42:00:41	000308
0000000185	c0:98:e5:42:00:41	000414
0000000186	c0:98:e5:42:00:41	000483
### MOTION CHANGE: IN MOTION; Timestamp: 946685002
0000000187	c0:98:e5:42:00:41	000354
0000000188	c0:98:e5:42:00:41	000381
0000000189	c0:98:e5:42:00:41	000236
0000000190	c0:98:e5:42:00:41	000616
0000000191	c0:98:e5:42:00:41	000293
0000000192	c0:98:e5:42:00:41	000534
0000000193	c0:98:e5:42:00:41	000721
0000000194	c0:98:e5:42:00:41	000553
0000000195	c0:98:e5:42:00:41	000662
0000000196	c0:98:e5:42:00:41	000602
0000000197	c0:98:e5:42:00:41	000603
0000000198	c0:98:e5:42:00:41	000622
0000000199	c0:98:e5:42:00:41	000613
0000000200	c0:98:e5:42:00:41	000615
### MOTION CHANGE: STATIONARY; Timestamp: 946685016
0000000201	c0:98:e5:42:00:41	000560
0000000202	c0:98:e5:42:00:41	000609
0000000203	c0:98:e5:42:00:41	000606
0000000204	c0:98:e5:42:00:41	000662
0000000205	c0:98:e5:42:00:41	000627
0000000206	c0:98:e5:42:00:41	000608
### MOTION CHANGE: IN MOTION; Timestamp: 946685022
0000000207	c0:98:e5:42:00:41	000554
0000000208	c0:98:e5:42:00:41	000697
0000000209	c0:98:e5:42:00:41	000582
0000000210	c0:98:e5:42:00:41	000523
0000000211	c0:98:e5:42:00:41	000564
0000000212	c0:98:e5:42:00:41	000530
0000000213	c0:98:e5:42:00:41	000459
0000000214	c0:98:e5:42:00:41	000454
### MOTION CHANGE: STATIONARY; Timestamp: 946685030
0000000215	c0:98:e5:42:00:41	000556
### MOTION CHANGE: IN MOTION; Timestamp: 946685032
0000000216	c0:98:e5:42:00:41	000508
0000000217	c0:98:e5:42:00:41	000583
0000000218	c0:98:e5:42:00:41	000475
0000000219	c0:98:e5:42:00:41	000476
0000000220	c0:98:e5:42:00:41	000514
0000000221	c0:98:e5:42:00:41	000532
0000000222	c0:98:e5:42:00:41	000605
0000000223	c0:98:e5:42:00:41	000492
0000000224	c0:98:e5:42:00:41	000577
0000000225	c0:98:e5:42:00:41	000522
### MOTION CHANGE: STATIONARY; Timestamp: 946685041
0000000226	c0:98:e5:42:00:41	000559
### MOTION CHANGE: IN MOTION; Timestamp: 946685042
0000000227	c0:98:e5:42:00:41	000595
0000000228	c0:98:e5:42:00:41	000706
0000000229	c0:98:e5:42:00:41	000520
0000000230	c0:98:e5:42:00:41	000796
0000000231	c0:98:e5:42:00:41	000561
0000000232	c0:98:e5:42:00:41	000525
0000000233	c0:98:e5:42:00:41	000531
0000000234	c0:98:e5:42:00:41	000409
0000000235	c0:98:e5:42:00:41	000507
0000000236	c0:98:e5:42:00:41	000483
0000000237	c0:98:e5:42:00:41	000426
### MOTION CHANGE: STATIONARY; Timestamp: 946685054
0000000238	c0:98:e5:42:00:41	000465
### MOTION CHANGE: IN MOTION; Timestamp: 946685055
0000000239	c0:98:e5:42:00:41	000526
0000000240	c0:98:e5:42:00:41	000254
0000000241	c0:98:e5:42:00:41	000452
0000000242	c0:98:e5:42:00:41	000376
0000000243	c0:98:e5:42:00:41	000372
0000000244	c0:98:e5:42:00:41	000487
0000000245	c0:98:e5:42:00:41	000322
0000000246	c0:98:e5:42:00:41	000406
0000000247	c0:98:e5:42:00:41	000387
0000000248	c0:98:e5:42:00:41	000372
0000000249	c0:98:e5:42:00:41	000444
0000000250	c0:98:e5:42:00:41	000260
0000000251	c0:98:e5:42:00:41	000666
